# 进度监控日志

## 2026-03-19 19:21:32

📊 检测到 1 个正在运行的任务：

1. **测试任务**
   - 任务 ID: test_task
   - 状态: 运行中
   - 已用时间: 2小时32分钟

⚠️ 注意：Cron 任务无法自动发送消息到飞书会话（缺少 target 参数）
建议：将进度监控集成到心跳检查中，或配置 cron 任务指定固定的飞书会话 ID

---

## 配置建议

### 方案 1: 配置默认通知频道

在 `cron` 任务配置中添加 `delivery` 参数：

```json
{
  "delivery": {
    "mode": "announce",
    "channel": "feishu",
    "to": "oc_xxxxxxxxxx"  // 替换为实际的飞书会话 ID
  }
}
```

### 方案 2: 集成到心跳检查

将进度监控添加到 `HEARTBEAT.md`：

```markdown
# 心跳检查任务
- [ ] 检查正在运行的训练任务并发送进度更新
```

然后在心跳处理逻辑中调用 `universal_progress_monitor.py` 并发送消息。

---

**上次检查**: 2026-03-19 19:21:32
**下次检查**: 根据 cron 配置自动执行
